androidApp/build/intermediates/manifest_merge_blame_file/release/processReleaseMainManifest/manifest-merger-blame-release-report.txt
1<?xml version="1.0" encoding="utf-8"?>
2<manifest xmlns:android="http://schemas.android.com/apk/res/android"
3    package="com.tankpilot.android"
4    android:versionCode="1"
5    android:versionName="1.0.0" >
6
7    <uses-sdk
8        android:minSdkVersion="26"
9        android:targetSdkVersion="34" />
10
11    <uses-permission android:name="android.permission.INTERNET" />
11-->src/main/AndroidManifest.xml:4:5-67
11-->src/main/AndroidManifest.xml:4:22-64
12    <uses-permission android:name="android.permission.ACCESS_FINE_LOCATION" />
12-->src/main/AndroidManifest.xml:5:5-79
12-->src/main/AndroidManifest.xml:5:22-76
13    <uses-permission android:name="android.permission.ACCESS_COARSE_LOCATION" />
13-->src/main/AndroidManifest.xml:6:5-81
13-->src/main/AndroidManifest.xml:6:22-78
14    <uses-permission android:name="android.permission.VIBRATE" />
14-->src/main/AndroidManifest.xml:7:5-66
14-->src/main/AndroidManifest.xml:7:22-63
15    <uses-permission android:name="android.permission.BLUETOOTH" />
15-->src/main/AndroidManifest.xml:8:5-68
15-->src/main/AndroidManifest.xml:8:22-65
16    <uses-permission android:name="android.permission.BLUETOOTH_ADMIN" />
16-->src/main/AndroidManifest.xml:9:5-74
16-->src/main/AndroidManifest.xml:9:22-71
17    <uses-permission android:name="android.permission.BLUETOOTH_CONNECT" />
17-->src/main/AndroidManifest.xml:10:5-76
17-->src/main/AndroidManifest.xml:10:22-73
18    <uses-permission android:name="android.permission.BLUETOOTH_SCAN" />
18-->src/main/AndroidManifest.xml:11:5-73
18-->src/main/AndroidManifest.xml:11:22-70
19    <uses-permission android:name="androidx.car.app.MAP_TEMPLATES" />
19-->src/main/AndroidManifest.xml:12:5-70
19-->src/main/AndroidManifest.xml:12:22-67
20
21    <queries>
21-->[androidx.car.app:app:1.7.0] AndroidManifest.xml:23:5-28:15
22        <provider
22-->[androidx.car.app:app:1.7.0] AndroidManifest.xml:24:9-27:43
23            android:name="androidx.car.app.connection.provider"
23-->[androidx.car.app:app:1.7.0] AndroidManifest.xml:25:13-64
24            android:authorities="androidx.car.app.connection" />
24-->[androidx.car.app:app:1.7.0] AndroidManifest.xml:26:13-62
25    </queries>
26
27    <permission
27-->[androidx.core:core:1.13.1] AndroidManifest.xml:22:5-24:47
28        android:name="com.tankpilot.android.DYNAMIC_RECEIVER_NOT_EXPORTED_PERMISSION"
28-->[androidx.core:core:1.13.1] AndroidManifest.xml:23:9-81
29        android:protectionLevel="signature" />
29-->[androidx.core:core:1.13.1] AndroidManifest.xml:24:9-44
30
31    <uses-permission android:name="com.tankpilot.android.DYNAMIC_RECEIVER_NOT_EXPORTED_PERMISSION" />
31-->[androidx.core:core:1.13.1] AndroidManifest.xml:26:5-97
31-->[androidx.core:core:1.13.1] AndroidManifest.xml:26:22-94
32
33    <application
33-->src/main/AndroidManifest.xml:14:5-52:19
34        android:name="com.tankpilot.android.TankPilotApplication"
34-->src/main/AndroidManifest.xml:15:9-45
35        android:allowBackup="true"
35-->src/main/AndroidManifest.xml:16:9-35
36        android:appComponentFactory="androidx.core.app.CoreComponentFactory"
36-->[androidx.core:core:1.13.1] AndroidManifest.xml:28:18-86
37        android:extractNativeLibs="false"
38        android:icon="@mipmap/ic_launcher"
38-->src/main/AndroidManifest.xml:17:9-43
39        android:label="TankPilot"
39-->src/main/AndroidManifest.xml:18:9-34
40        android:roundIcon="@mipmap/ic_launcher_round"
40-->src/main/AndroidManifest.xml:19:9-54
41        android:supportsRtl="true" >
41-->src/main/AndroidManifest.xml:20:9-35
42        <activity
42-->src/main/AndroidManifest.xml:21:9-30:20
43            android:name="com.tankpilot.android.MainActivity"
43-->src/main/AndroidManifest.xml:22:13-41
44            android:exported="true"
44-->src/main/AndroidManifest.xml:23:13-36
45            android:theme="@android:style/Theme.NoTitleBar"
45-->src/main/AndroidManifest.xml:24:13-60
46            android:windowSoftInputMode="adjustResize" >
46-->src/main/AndroidManifest.xml:25:13-55
47            <intent-filter>
47-->src/main/AndroidManifest.xml:26:13-29:29
48                <action android:name="android.intent.action.MAIN" />
48-->src/main/AndroidManifest.xml:27:17-69
48-->src/main/AndroidManifest.xml:27:25-66
49
50                <category android:name="android.intent.category.LAUNCHER" />
50-->src/main/AndroidManifest.xml:28:17-77
50-->src/main/AndroidManifest.xml:28:27-74
51            </intent-filter>
52        </activity>
53
54        <!--
55          Android Auto entry point. Category POI: TankPilot surfaces fuel status and
56          gas-station discovery, not turn-by-turn navigation (see phases/phase-03a-android-auto-foundation.md).
57          minCarApiLevel is the Car App Library's inline replacement for the legacy
58          automotive_app_desc.xml descriptor; no separate XML resource is required for
59          CarAppService-based apps under the current library.
60        -->
61        <service
61-->src/main/AndroidManifest.xml:39:9-48:19
62            android:name="com.tankpilot.android.auto.TankPilotCarAppService"
62-->src/main/AndroidManifest.xml:40:13-56
63            android:exported="true"
63-->src/main/AndroidManifest.xml:41:13-36
64            android:icon="@mipmap/ic_launcher"
64-->src/main/AndroidManifest.xml:42:13-47
65            android:label="TankPilot" >
65-->src/main/AndroidManifest.xml:43:13-38
66            <intent-filter>
66-->src/main/AndroidManifest.xml:44:13-47:29
67                <action android:name="androidx.car.app.CarAppService" />
67-->src/main/AndroidManifest.xml:45:17-73
67-->src/main/AndroidManifest.xml:45:25-70
68
69                <category android:name="androidx.car.app.category.POI" />
69-->src/main/AndroidManifest.xml:46:17-74
69-->src/main/AndroidManifest.xml:46:27-71
70            </intent-filter>
71        </service>
72
73        <meta-data
73-->src/main/AndroidManifest.xml:49:9-51:33
74            android:name="androidx.car.app.minCarApiLevel"
74-->src/main/AndroidManifest.xml:50:13-59
75            android:value="1" />
75-->src/main/AndroidManifest.xml:51:13-30
76
77        <service
77-->[androidx.car.app:app-projected:1.7.0] AndroidManifest.xml:24:9-34:19
78            android:name="androidx.car.app.CarAppMetadataHolderService"
78-->[androidx.car.app:app-projected:1.7.0] AndroidManifest.xml:25:13-72
79            android:enabled="false"
79-->[androidx.car.app:app-projected:1.7.0] AndroidManifest.xml:26:13-36
80            android:exported="false"
80-->[androidx.car.app:app-projected:1.7.0] AndroidManifest.xml:27:13-37
81            android:process="" >
81-->[androidx.car.app:app-projected:1.7.0] AndroidManifest.xml:28:13-31
82            <meta-data
82-->[androidx.car.app:app-projected:1.7.0] AndroidManifest.xml:31:13-33:89
83                android:name="androidx.car.app.CarAppMetadataHolderService.CAR_HARDWARE_MANAGER"
83-->[androidx.car.app:app-projected:1.7.0] AndroidManifest.xml:32:17-97
84                android:value="androidx.car.app.hardware.ProjectedCarHardwareManager" />
84-->[androidx.car.app:app-projected:1.7.0] AndroidManifest.xml:33:17-86
85        </service>
86
87        <activity
87-->[androidx.car.app:app:1.7.0] AndroidManifest.xml:31:9-34:75
88            android:name="androidx.car.app.CarAppPermissionActivity"
88-->[androidx.car.app:app:1.7.0] AndroidManifest.xml:32:13-69
89            android:exported="false"
89-->[androidx.car.app:app:1.7.0] AndroidManifest.xml:33:13-37
90            android:theme="@android:style/Theme.Translucent.NoTitleBar" />
90-->[androidx.car.app:app:1.7.0] AndroidManifest.xml:34:13-72
91
92        <receiver
92-->[androidx.car.app:app:1.7.0] AndroidManifest.xml:36:9-38:40
93            android:name="androidx.car.app.notification.CarAppNotificationBroadcastReceiver"
93-->[androidx.car.app:app:1.7.0] AndroidManifest.xml:37:13-93
94            android:exported="false" />
94-->[androidx.car.app:app:1.7.0] AndroidManifest.xml:38:13-37
95
96        <provider
96-->[androidx.emoji2:emoji2:1.3.0] AndroidManifest.xml:24:9-32:20
97            android:name="androidx.startup.InitializationProvider"
97-->[androidx.emoji2:emoji2:1.3.0] AndroidManifest.xml:25:13-67
98            android:authorities="com.tankpilot.android.androidx-startup"
98-->[androidx.emoji2:emoji2:1.3.0] AndroidManifest.xml:26:13-68
99            android:exported="false" >
99-->[androidx.emoji2:emoji2:1.3.0] AndroidManifest.xml:27:13-37
100            <meta-data
100-->[androidx.emoji2:emoji2:1.3.0] AndroidManifest.xml:29:13-31:52
101                android:name="androidx.emoji2.text.EmojiCompatInitializer"
101-->[androidx.emoji2:emoji2:1.3.0] AndroidManifest.xml:30:17-75
102                android:value="androidx.startup" />
102-->[androidx.emoji2:emoji2:1.3.0] AndroidManifest.xml:31:17-49
103            <meta-data
103-->[androidx.lifecycle:lifecycle-process:2.8.7] AndroidManifest.xml:29:13-31:52
104                android:name="androidx.lifecycle.ProcessLifecycleInitializer"
104-->[androidx.lifecycle:lifecycle-process:2.8.7] AndroidManifest.xml:30:17-78
105                android:value="androidx.startup" />
105-->[androidx.lifecycle:lifecycle-process:2.8.7] AndroidManifest.xml:31:17-49
106            <meta-data
106-->[androidx.profileinstaller:profileinstaller:1.3.1] AndroidManifest.xml:29:13-31:52
107                android:name="androidx.profileinstaller.ProfileInstallerInitializer"
107-->[androidx.profileinstaller:profileinstaller:1.3.1] AndroidManifest.xml:30:17-85
108                android:value="androidx.startup" />
108-->[androidx.profileinstaller:profileinstaller:1.3.1] AndroidManifest.xml:31:17-49
109        </provider>
110
111        <receiver
111-->[androidx.profileinstaller:profileinstaller:1.3.1] AndroidManifest.xml:34:9-52:20
112            android:name="androidx.profileinstaller.ProfileInstallReceiver"
112-->[androidx.profileinstaller:profileinstaller:1.3.1] AndroidManifest.xml:35:13-76
113            android:directBootAware="false"
113-->[androidx.profileinstaller:profileinstaller:1.3.1] AndroidManifest.xml:36:13-44
114            android:enabled="true"
114-->[androidx.profileinstaller:profileinstaller:1.3.1] AndroidManifest.xml:37:13-35
115            android:exported="true"
115-->[androidx.profileinstaller:profileinstaller:1.3.1] AndroidManifest.xml:38:13-36
116            android:permission="android.permission.DUMP" >
116-->[androidx.profileinstaller:profileinstaller:1.3.1] AndroidManifest.xml:39:13-57
117            <intent-filter>
117-->[androidx.profileinstaller:profileinstaller:1.3.1] AndroidManifest.xml:40:13-42:29
118                <action android:name="androidx.profileinstaller.action.INSTALL_PROFILE" />
118-->[androidx.profileinstaller:profileinstaller:1.3.1] AndroidManifest.xml:41:17-91
118-->[androidx.profileinstaller:profileinstaller:1.3.1] AndroidManifest.xml:41:25-88
119            </intent-filter>
120            <intent-filter>
120-->[androidx.profileinstaller:profileinstaller:1.3.1] AndroidManifest.xml:43:13-45:29
121                <action android:name="androidx.profileinstaller.action.SKIP_FILE" />
121-->[androidx.profileinstaller:profileinstaller:1.3.1] AndroidManifest.xml:44:17-85
121-->[androidx.profileinstaller:profileinstaller:1.3.1] AndroidManifest.xml:44:25-82
122            </intent-filter>
123            <intent-filter>
123-->[androidx.profileinstaller:profileinstaller:1.3.1] AndroidManifest.xml:46:13-48:29
124                <action android:name="androidx.profileinstaller.action.SAVE_PROFILE" />
124-->[androidx.profileinstaller:profileinstaller:1.3.1] AndroidManifest.xml:47:17-88
124-->[androidx.profileinstaller:profileinstaller:1.3.1] AndroidManifest.xml:47:25-85
125            </intent-filter>
126            <intent-filter>
126-->[androidx.profileinstaller:profileinstaller:1.3.1] AndroidManifest.xml:49:13-51:29
127                <action android:name="androidx.profileinstaller.action.BENCHMARK_OPERATION" />
127-->[androidx.profileinstaller:profileinstaller:1.3.1] AndroidManifest.xml:50:17-95
127-->[androidx.profileinstaller:profileinstaller:1.3.1] AndroidManifest.xml:50:25-92
128            </intent-filter>
129        </receiver>
130    </application>
131
132</manifest>